[[33mWarning [0m] The Z3 native interface is not available, falling back to smt-z3.
[[34m  Info  [0m]  - Now considering 'precond. (call $this.pairs.tail())' VC for GoMap$isValid @21:10...
[[34m  Info  [0m]  => VALID
[[34m  Info  [0m]  - Now considering 'precond. (call $this.pairs.head())' VC for GoMap$isValid @21:36...
[[34m  Info  [0m]  => VALID
[[34m  Info  [0m]  - Now considering 'precond. (call $this.pairs.tail())' VC for GoMap$isValid @21:70...
[[34m  Info  [0m]  => VALID
[[34m  Info  [0m]  - Now considering 'postcondition' VC for GoMap$contains @27:14...
[[34m  Info  [0m]  => VALID
[[34m  Info  [0m]  - Now considering 'precond. (call $this.isDefinedAt(k))' VC for GoMap$contains @26:5...
[[34m  Info  [0m]  => VALID
[[34m  Info  [0m]  - Now considering 'precond. (call $this.+(pair._1, pair._2))' VC for GoMap$$plus @35:5...
[[34m  Info  [0m]  => VALID
[[34m  Info  [0m]  - Now considering 'precond. (call $this.elements.tail())' VC for GoSet$isValid @11:17...
[[34m  Info  [0m]  => VALID
[[34m  Info  [0m]  - Now considering 'precond. (call $this.elements.head())' VC for GoSet$isValid @11:41...
[[34m  Info  [0m]  => VALID
[[34m  Info  [0m]  - Now considering 'precond. (call $this.elements.tail())' VC for GoSet$isValid @11:65...
[[34m  Info  [0m]  => VALID
[[34m  Info  [0m]  - Now considering 'precond. (call lst.tail())' VC for noDuplicates @58:11...
[[34m  Info  [0m]  => VALID
[[34m  Info  [0m]  - Now considering 'precond. (call lst.head())' VC for noDuplicates @58:32...
[[34m  Info  [0m]  => VALID
[[34m  Info  [0m]  - Now considering 'precond. (call lst.tail())' VC for noDuplicates @58:58...
[[34m  Info  [0m]  => VALID
[[34m  Info  [0m]  - Now considering 'precond. (call $this.cells.isDefinedAt(p))' VC for Board$isOccupied @23:5...
[[34m  Info  [0m]  => VALID
[[34m  Info  [0m]  - Now considering 'postcondition' VC for Board$at @29:16...
[[34m  Info  [0m]  => VALID
[[34m  Info  [0m]  - Now considering 'precond. (call $this.cells.getOrElse(Point(x, y), EmptyCell))' VC for Board$at @28:5...
[[34m  Info  [0m]  => VALID
[[34m  Info  [0m]  - Now considering 'precond. (call $this.at(p.x, p.y))' VC for Board$at @36:5...
[[34m  Info  [0m]  => VALID
[[34m  Info  [0m]  - Now considering 'precond. (call $this.at(x, y))' VC for Board$board @43:27...
[[34m  Info  [0m]  => VALID
[[34m  Info  [0m]  - Now considering 'postcondition' VC for Board$put @49:16...
[[34m  Info  [0m]  => VALID
[[34m  Info  [0m]  - Now considering 'precond. (call $this.cells.+(p, c))' VC for Board$put @48:14...
[[34m  Info  [0m]  => VALID
[[34m  Info  [0m]  - Now considering 'precond. (call $this.cells.isDefinedAt(x.p))' VC for Board$freeCells @58:64...
[[34m  Info  [0m]  => VALID
[[34m  Info  [0m]  - Now considering 'postcondition' VC for Board$neighbors @64:15...
[[34m  Info  [0m]  => VALID
[[34m  Info  [0m]  - Now considering 'precond. (call $this.at(x))' VC for Board$neighbors @63:124...
[[34m  Info  [0m]  => VALID
[[34m  Info  [0m]  - Now considering 'precond. (call $this.neighbors(p.x, p.y))' VC for Board$neighbors @68:5...
[[34m  Info  [0m]  => VALID
[[34m  Info  [0m]  - Now considering 'precond. (call $this.neighbors(p.x, p.y))' VC for Board$neighbors @73:5...
[[34m  Info  [0m]  => VALID
[[34m  Info  [0m]  - Now considering 'postcondition' VC for Board$sameColorNeighbors @79:14...
[[34m  Info  [0m]  => VALID
[[34m  Info  [0m]  - Now considering 'precond. (call $this.neighbors(p.p, p.c))' VC for Board$sameColorNeighbors @78:5...
[[34m  Info  [0m]  => VALID
[[34m  Info  [0m]  - Now considering 'precond. (call $this.neighbors(p, $this.at(p).otherColor()))' VC for Board$oppositeColorNeighbors @83:5...
[[34m  Info  [0m]  => VALID
[[34m  Info  [0m]  - Now considering 'precond. (call $this.at(p))' VC for Board$oppositeColorNeighbors @83:18...
[[34m  Info  [0m]  => VALID
[[34m  Info  [0m]  - Now considering 'precond. (call $this.neighbors(p))' VC for Board$emptyNeighors @88:5...
[[34m  Info  [0m]  => VALID
[[34m  Info  [0m]  - Now considering 'postcondition' VC for Board$remove @96:16...
[[34m  Info  [0m]  => VALID
[[34m  Info  [0m]  - Now considering 'precond. (call $this.cells - p)' VC for Board$remove @95:14...
[[34m  Info  [0m]  => VALID
[[34m  Info  [0m]  - Now considering 'postcondition' VC for Cell$otherColor @12:17...
[[34m  Info  [0m]  => VALID
[[34m  Info  [0m]  - Now considering 'match exhaustiveness' VC for Cell$otherColor @7:7...
[[34m  Info  [0m]  => VALID
[[34m  Info  [0m]  - Now considering 'match exhaustiveness' VC for PlayerType$cell @8:7...
[[34m  Info  [0m]  => VALID
[[34m  Info  [0m]   â”Œâ”€â”€â”€â”€â”€â”€â”€â”€â”€â”€â”€â”€â”€â”€â”€â”€â”€â”€â”€â”€â”€â”€â”
[[34m  Info  [0m] â•”â•â•¡ Verification Summary â•â•â•â•â•â•â•â•â•â•â•â•â•â•â•â•â•â•â•â•â•â•â•â•â•â•â•â•â•â•â•â•â•â•â•â•â•â•â•â•â•â•â•â•â•â•â•â•â•â•â•â•â•â•â•â•â•â•â•â•â•â•â•â•â•â•â•â•â•â•â•â•â•â•â•â•â•â•â•â•â•â•â•â•â•â•â•â•â•â•â•â•â•â•â•â•â•â•â•â•â•â•â•â•—
[[34m  Info  [0m] â•‘ â””â”€â”€â”€â”€â”€â”€â”€â”€â”€â”€â”€â”€â”€â”€â”€â”€â”€â”€â”€â”€â”€â”€â”˜                                                                                                      â•‘
[[34m  Info  [0m] â•‘ Board$at                      postcondition                                                  29:16   valid  U:smt-z3    0.063 â•‘
[[34m  Info  [0m] â•‘ Board$at                      precond. (call $this.at(p.x, p.y))                             36:5    valid  U:smt-z3    0.013 â•‘
[[34m  Info  [0m] â•‘ Board$at                      precond. (call $this.cells.getOrElse(Point(x, y), EmptyCell))  28:5    valid  U:smt-z3    0.029 â•‘
[[34m  Info  [0m] â•‘ Board$board                   precond. (call $this.at(x, y))                                 43:27   valid  U:smt-z3    0.011 â•‘
[[34m  Info  [0m] â•‘ Board$emptyNeighors           precond. (call $this.neighbors(p))                             88:5    valid  U:smt-z3    0.009 â•‘
[[34m  Info  [0m] â•‘ Board$freeCells               precond. (call $this.cells.isDefinedAt(x.p))                   58:64   valid  U:smt-z3    0.032 â•‘
[[34m  Info  [0m] â•‘ Board$isOccupied              precond. (call $this.cells.isDefinedAt(p))                     23:5    valid  U:smt-z3    0.064 â•‘
[[34m  Info  [0m] â•‘ Board$neighbors               postcondition                                                  64:15   valid  U:smt-z3    1.407 â•‘
[[34m  Info  [0m] â•‘ Board$neighbors               precond. (call $this.at(x))                                    63:124  valid  U:smt-z3    0.014 â•‘
[[34m  Info  [0m] â•‘ Board$neighbors               precond. (call $this.neighbors(p.x, p.y))                      73:5    valid  U:smt-z3    0.011 â•‘
[[34m  Info  [0m] â•‘ Board$neighbors               precond. (call $this.neighbors(p.x, p.y))                      68:5    valid  U:smt-z3    0.013 â•‘
[[34m  Info  [0m] â•‘ Board$oppositeColorNeighbors  precond. (call $this.at(p))                                    83:18   valid  U:smt-z3    0.010 â•‘
[[34m  Info  [0m] â•‘ Board$oppositeColorNeighbors  precond. (call $this.neighbors(p, $this.at(p).otherColor()))   83:5    valid  U:smt-z3    0.015 â•‘
[[34m  Info  [0m] â•‘ Board$put                     postcondition                                                  49:16   valid  U:smt-z3    0.028 â•‘
[[34m  Info  [0m] â•‘ Board$put                     precond. (call $this.cells.+(p, c))                            48:14   valid  U:smt-z3    0.038 â•‘
[[34m  Info  [0m] â•‘ Board$remove                  postcondition                                                  96:16   valid  U:smt-z3    0.611 â•‘
[[34m  Info  [0m] â•‘ Board$remove                  precond. (call $this.cells - p)                                95:14   valid  U:smt-z3    0.020 â•‘
[[34m  Info  [0m] â•‘ Board$sameColorNeighbors      postcondition                                                  79:14   valid  U:smt-z3    2.799 â•‘
[[34m  Info  [0m] â•‘ Board$sameColorNeighbors      precond. (call $this.neighbors(p.p, p.c))                      78:5    valid  U:smt-z3    0.009 â•‘
[[34m  Info  [0m] â•‘ Cell$otherColor               match exhaustiveness                                           7:7     valid  U:smt-z3    0.007 â•‘
[[34m  Info  [0m] â•‘ Cell$otherColor               postcondition                                                  12:17   valid  U:smt-z3    0.012 â•‘
[[34m  Info  [0m] â•‘ GoMap$$plus                   precond. (call $this.+(pair._1, pair._2))                      35:5    valid  U:smt-z3    0.015 â•‘
[[34m  Info  [0m] â•‘ GoMap$contains                postcondition                                                  27:14   valid  U:smt-z3    0.012 â•‘
[[34m  Info  [0m] â•‘ GoMap$contains                precond. (call $this.isDefinedAt(k))                           26:5    valid  U:smt-z3    0.014 â•‘
[[34m  Info  [0m] â•‘ GoMap$isValid                 precond. (call $this.pairs.head())                             21:36   valid  U:smt-z3    0.025 â•‘
[[34m  Info  [0m] â•‘ GoMap$isValid                 precond. (call $this.pairs.tail())                             21:10   valid  U:smt-z3    0.389 â•‘
[[34m  Info  [0m] â•‘ GoMap$isValid                 precond. (call $this.pairs.tail())                             21:70   valid  U:smt-z3    0.331 â•‘
[[34m  Info  [0m] â•‘ GoSet$isValid                 precond. (call $this.elements.head())                          11:41   valid  U:smt-z3    0.056 â•‘
[[34m  Info  [0m] â•‘ GoSet$isValid                 precond. (call $this.elements.tail())                          11:65   valid  U:smt-z3    0.048 â•‘
[[34m  Info  [0m] â•‘ GoSet$isValid                 precond. (call $this.elements.tail())                          11:17   valid  U:smt-z3    0.024 â•‘
[[34m  Info  [0m] â•‘ PlayerType$cell               match exhaustiveness                                           8:7     valid  U:smt-z3    0.008 â•‘
[[34m  Info  [0m] â•‘ noDuplicates                  precond. (call lst.head())                                     58:32   valid  U:smt-z3    0.013 â•‘
[[34m  Info  [0m] â•‘ noDuplicates                  precond. (call lst.tail())                                     58:58   valid  U:smt-z3    0.046 â•‘
[[34m  Info  [0m] â•‘ noDuplicates                  precond. (call lst.tail())                                     58:11   valid  U:smt-z3    0.013 â•‘
[[34m  Info  [0m] â•Ÿâ”„â”„â”„â”„â”„â”„â”„â”„â”„â”„â”„â”„â”„â”„â”„â”„â”„â”„â”„â”„â”„â”„â”„â”„â”„â”„â”„â”„â”„â”„â”„â”„â”„â”„â”„â”„â”„â”„â”„â”„â”„â”„â”„â”„â”„â”„â”„â”„â”„â”„â”„â”„â”„â”„â”„â”„â”„â”„â”„â”„â”„â”„â”„â”„â”„â”„â”„â”„â”„â”„â”„â”„â”„â”„â”„â”„â”„â”„â”„â”„â”„â”„â”„â”„â”„â”„â”„â”„â”„â”„â”„â”„â”„â”„â”„â”„â”„â”„â”„â”„â”„â”„â”„â”„â”„â”„â”„â”„â”„â”„â”„â”„â”„â”„â”„â”„â”„â”„â”„â”„â”„â”„â”„â”„â”„â”„â”„â•¢
[[34m  Info  [0m] â•‘ total: 34     valid: 34     invalid: 0      unknown 0                                                                   6.209 â•‘
[[34m  Info  [0m] â•šâ•â•â•â•â•â•â•â•â•â•â•â•â•â•â•â•â•â•â•â•â•â•â•â•â•â•â•â•â•â•â•â•â•â•â•â•â•â•â•â•â•â•â•â•â•â•â•â•â•â•â•â•â•â•â•â•â•â•â•â•â•â•â•â•â•â•â•â•â•â•â•â•â•â•â•â•â•â•â•â•â•â•â•â•â•â•â•â•â•â•â•â•â•â•â•â•â•â•â•â•â•â•â•â•â•â•â•â•â•â•â•â•â•â•â•â•â•â•â•â•â•â•â•â•â•â•â•â•
[[35m Debug  [0m]   â”Œâ”€â”€â”€â”€â”€â”€â”€â”€â”
[[35m Debug  [0m] â•”â•â•¡ Timers â•â•â•â•â•â•â•â•â•â•â•â•â•â•â•â•â•â•â•â•â•â•â•â•â•â•â•â•â•â•â•â•â•â•â•â•â•â•â•â•â•â•â•â•â•â•â•â•â•â•â•â•â•â•â•â•â•â•â•â•â•â•â•â•â•â•â•â•â•â•â•â•â•â•â•â•â•â•â•â•â•â•â•—
[[35m Debug  [0m] â•‘ â””â”€â”€â”€â”€â”€â”€â”€â”€â”˜                                                                                 â•‘
[[35m Debug  [0m] â•‘ name                                min        avg       max    n                    total â•‘
[[35m Debug  [0m] â•Ÿâ”„â”„â”„â”„â”„â”„â”„â”„â”„â”„â”„â”„â”„â”„â”„â”„â”„â”„â”„â”„â”„â”„â”„â”„â”„â”„â”„â”„â”„â”„â”„â”„â”„â”„â”„â”„â”„â”„â”„â”„â”„â”„â”„â”„â”„â”„â”„â”„â”„â”„â”„â”„â”„â”„â”„â”„â”„â”„â”„â”„â”„â”„â”„â”„â”„â”„â”„â”„â”„â”„â”„â”„â”„â”„â”„â”„â”„â”„â”„â”„â”„â”„â”„â”„â”„â”„â”„â”„â”„â”„â”„â”„â•¢
[[35m Debug  [0m] â•‘ â”œ total                                                                           22636 ms â•‘
[[35m Debug  [0m] â•‘ â”” frontend                                                                        11770 ms â•‘
[[35m Debug  [0m] â•šâ•â•â•â•â•â•â•â•â•â•â•â•â•â•â•â•â•â•â•â•â•â•â•â•â•â•â•â•â•â•â•â•â•â•â•â•â•â•â•â•â•â•â•â•â•â•â•â•â•â•â•â•â•â•â•â•â•â•â•â•â•â•â•â•â•â•â•â•â•â•â•â•â•â•â•â•â•â•â•â•â•â•â•â•â•â•â•â•â•â•â•â•â•
